<?xml version="1.0" encoding="UTF-8"?>
<testsuite name="org.scoula.todo.dao.TodoDaoTest" tests="1" skipped="0" failures="0" errors="0" timestamp="2024-07-17T23:08:40" hostname="M5F" time="1.377">
  <properties/>
  <testcase name="테스트 데이터를 생성한다." classname="org.scoula.todo.dao.TodoDaoTest" time="1.377"/>
  <system-out><![CDATA[]]></system-out>
  <system-err><![CDATA[]]></system-err>
</testsuite>
